<?xml version="1.0" encoding="UTF-8"?>
<!-- Generated by org.testng.reporters.JUnitXMLReporter -->
<testsuite ignored="0" hostname="DESKTOP-F7PPQKE" failures="0" tests="3" name="Smoke Tests" time="16.579" errors="0" timestamp="2026-04-14T23:04:01 IST">
  <testcase classname="api.auth.AuthApiTest" name="verifyLoginApiReturnsToken" time="6.342"/>
  <testcase classname="api.auth.AuthApiTest" name="verifyInvalidLoginDoesNotReturnToken" time="7.295"/>
  <testcase classname="tests.smoke.LoginTest" name="verifyLogin" time="6.435"/>
</testsuite> <!-- Smoke Tests -->
