<?xml version="1.0" encoding="UTF-8"?>
<!-- Generated by org.testng.reporters.JUnitReportReporter -->
<testsuite hostname="DESKTOP-F7PPQKE" failures="0" tests="2" name="api.auth.AuthApiTest" time="13.278" errors="0" timestamp="2026-04-14T18:38:24 IST" skipped="0">
  <testcase classname="api.auth.AuthApiTest" name="verifyInvalidLoginDoesNotReturnToken" time="6.871"/>
  <testcase classname="api.auth.AuthApiTest" name="verifyLoginApiReturnsToken" time="6.407"/>
</testsuite> <!-- api.auth.AuthApiTest -->
