<?xml version="1.0" encoding="UTF-8"?>
<!-- Generated by org.testng.reporters.JUnitReportReporter -->
<testsuite hostname="DESKTOP-F7PPQKE" failures="0" tests="2" name="api.auth.AuthApiTest" time="17.349" errors="0" timestamp="2026-04-14T23:04:01 IST" skipped="0">
  <testcase classname="api.auth.AuthApiTest" name="verifyLoginApiReturnsToken" time="8.198"/>
  <testcase classname="api.auth.AuthApiTest" name="verifyInvalidLoginDoesNotReturnToken" time="9.151"/>
</testsuite> <!-- api.auth.AuthApiTest -->
